-------------------------------------------------------------------------------
Test set: com.example.demo.EduServiceApplicationTests
-------------------------------------------------------------------------------
Tests run: 1, Failures: 0, Errors: 1, Skipped: 0, Time elapsed: 0.206 s <<< FAILURE! - in com.example.demo.EduServiceApplicationTests
com.example.demo.EduServiceApplicationTests  Time elapsed: 0.201 s  <<< ERROR!
java.lang.IllegalStateException: Unable to find a @SpringBootConfiguration, you need to use @ContextConfiguration or @SpringBootTest(classes=...) with your test

